<?xml version="1.0" encoding="UTF-8"?>
<testsuite xmlns:xsi="http://www.w3.org/2001/XMLSchema-instance" xsi:noNamespaceSchemaLocation="https://maven.apache.org/surefire/maven-surefire-plugin/xsd/surefire-test-report-3.0.xsd" version="3.0" name="TestSuite" time="87.005" tests="11" errors="0" skipped="0" failures="0">
  <properties>
    <property name="java.specification.version" value="22"/>
    <property name="webdriver.chrome.driver" value="C:\Users\khdp9\.cache\selenium\chromedriver\win64\139.0.7258.154\chromedriver.exe"/>
    <property name="sun.cpu.isalist" value="amd64"/>
    <property name="sun.jnu.encoding" value="Cp1252"/>
    <property name="java.class.path" value="D:\Wipro\Training\CapstoneProject\capstoneproject\target\test-classes;D:\Wipro\Training\CapstoneProject\capstoneproject\target\classes;C:\Users\khdp9\.m2\repository\org\seleniumhq\selenium\selenium-java\4.14.0\selenium-java-4.14.0.jar;C:\Users\khdp9\.m2\repository\org\seleniumhq\selenium\selenium-api\4.14.0\selenium-api-4.14.0.jar;C:\Users\khdp9\.m2\repository\org\seleniumhq\selenium\selenium-chrome-driver\4.14.0\selenium-chrome-driver-4.14.0.jar;C:\Users\khdp9\.m2\repository\com\google\auto\service\auto-service-annotations\1.1.1\auto-service-annotations-1.1.1.jar;C:\Users\khdp9\.m2\repository\com\google\guava\guava\32.1.2-jre\guava-32.1.2-jre.jar;C:\Users\khdp9\.m2\repository\com\google\guava\failureaccess\1.0.1\failureaccess-1.0.1.jar;C:\Users\khdp9\.m2\repository\com\google\guava\listenablefuture\9999.0-empty-to-avoid-conflict-with-guava\listenablefuture-9999.0-empty-to-avoid-conflict-with-guava.jar;C:\Users\khdp9\.m2\repository\com\google\code\findbugs\jsr305\3.0.2\jsr305-3.0.2.jar;C:\Users\khdp9\.m2\repository\org\checkerframework\checker-qual\3.33.0\checker-qual-3.33.0.jar;C:\Users\khdp9\.m2\repository\com\google\j2objc\j2objc-annotations\2.8\j2objc-annotations-2.8.jar;C:\Users\khdp9\.m2\repository\org\seleniumhq\selenium\selenium-chromium-driver\4.14.0\selenium-chromium-driver-4.14.0.jar;C:\Users\khdp9\.m2\repository\org\seleniumhq\selenium\selenium-json\4.14.0\selenium-json-4.14.0.jar;C:\Users\khdp9\.m2\repository\org\seleniumhq\selenium\selenium-manager\4.14.0\selenium-manager-4.14.0.jar;C:\Users\khdp9\.m2\repository\org\seleniumhq\selenium\selenium-devtools-v116\4.14.0\selenium-devtools-v116-4.14.0.jar;C:\Users\khdp9\.m2\repository\org\seleniumhq\selenium\selenium-devtools-v117\4.14.0\selenium-devtools-v117-4.14.0.jar;C:\Users\khdp9\.m2\repository\org\seleniumhq\selenium\selenium-devtools-v118\4.14.0\selenium-devtools-v118-4.14.0.jar;C:\Users\khdp9\.m2\repository\org\seleniumhq\selenium\selenium-devtools-v85\4.14.0\selenium-devtools-v85-4.14.0.jar;C:\Users\khdp9\.m2\repository\org\seleniumhq\selenium\selenium-edge-driver\4.14.0\selenium-edge-driver-4.14.0.jar;C:\Users\khdp9\.m2\repository\org\seleniumhq\selenium\selenium-firefox-driver\4.14.0\selenium-firefox-driver-4.14.0.jar;C:\Users\khdp9\.m2\repository\org\seleniumhq\selenium\selenium-http\4.14.0\selenium-http-4.14.0.jar;C:\Users\khdp9\.m2\repository\dev\failsafe\failsafe\3.3.2\failsafe-3.3.2.jar;C:\Users\khdp9\.m2\repository\org\seleniumhq\selenium\selenium-ie-driver\4.14.0\selenium-ie-driver-4.14.0.jar;C:\Users\khdp9\.m2\repository\org\seleniumhq\selenium\selenium-remote-driver\4.14.0\selenium-remote-driver-4.14.0.jar;C:\Users\khdp9\.m2\repository\io\opentelemetry\opentelemetry-api\1.28.0\opentelemetry-api-1.28.0.jar;C:\Users\khdp9\.m2\repository\io\opentelemetry\opentelemetry-context\1.28.0\opentelemetry-context-1.28.0.jar;C:\Users\khdp9\.m2\repository\io\opentelemetry\opentelemetry-exporter-logging\1.28.0\opentelemetry-exporter-logging-1.28.0.jar;C:\Users\khdp9\.m2\repository\io\opentelemetry\opentelemetry-sdk-metrics\1.28.0\opentelemetry-sdk-metrics-1.28.0.jar;C:\Users\khdp9\.m2\repository\io\opentelemetry\opentelemetry-extension-incubator\1.28.0-alpha\opentelemetry-extension-incubator-1.28.0-alpha.jar;C:\Users\khdp9\.m2\repository\io\opentelemetry\opentelemetry-sdk-logs\1.28.0\opentelemetry-sdk-logs-1.28.0.jar;C:\Users\khdp9\.m2\repository\io\opentelemetry\opentelemetry-sdk-common\1.28.0\opentelemetry-sdk-common-1.28.0.jar;C:\Users\khdp9\.m2\repository\io\opentelemetry\opentelemetry-sdk-extension-autoconfigure-spi\1.28.0\opentelemetry-sdk-extension-autoconfigure-spi-1.28.0.jar;C:\Users\khdp9\.m2\repository\io\opentelemetry\opentelemetry-sdk-extension-autoconfigure\1.28.0\opentelemetry-sdk-extension-autoconfigure-1.28.0.jar;C:\Users\khdp9\.m2\repository\io\opentelemetry\opentelemetry-api-events\1.28.0-alpha\opentelemetry-api-events-1.28.0-alpha.jar;C:\Users\khdp9\.m2\repository\io\opentelemetry\opentelemetry-sdk-trace\1.28.0\opentelemetry-sdk-trace-1.28.0.jar;C:\Users\khdp9\.m2\repository\io\opentelemetry\opentelemetry-sdk\1.28.0\opentelemetry-sdk-1.28.0.jar;C:\Users\khdp9\.m2\repository\io\opentelemetry\opentelemetry-semconv\1.28.0-alpha\opentelemetry-semconv-1.28.0-alpha.jar;C:\Users\khdp9\.m2\repository\net\bytebuddy\byte-buddy\1.14.5\byte-buddy-1.14.5.jar;C:\Users\khdp9\.m2\repository\org\seleniumhq\selenium\selenium-os\4.14.0\selenium-os-4.14.0.jar;C:\Users\khdp9\.m2\repository\org\apache\commons\commons-exec\1.3\commons-exec-1.3.jar;C:\Users\khdp9\.m2\repository\org\seleniumhq\selenium\selenium-safari-driver\4.14.0\selenium-safari-driver-4.14.0.jar;C:\Users\khdp9\.m2\repository\org\seleniumhq\selenium\selenium-support\4.14.0\selenium-support-4.14.0.jar;C:\Users\khdp9\.m2\repository\io\github\bonigarcia\webdrivermanager\5.9.2\webdrivermanager-5.9.2.jar;C:\Users\khdp9\.m2\repository\org\slf4j\slf4j-api\2.0.13\slf4j-api-2.0.13.jar;C:\Users\khdp9\.m2\repository\com\google\code\gson\gson\2.11.0\gson-2.11.0.jar;C:\Users\khdp9\.m2\repository\com\google\errorprone\error_prone_annotations\2.27.0\error_prone_annotations-2.27.0.jar;C:\Users\khdp9\.m2\repository\com\github\docker-java\docker-java\3.4.0\docker-java-3.4.0.jar;C:\Users\khdp9\.m2\repository\com\github\docker-java\docker-java-core\3.4.0\docker-java-core-3.4.0.jar;C:\Users\khdp9\.m2\repository\com\github\docker-java\docker-java-api\3.4.0\docker-java-api-3.4.0.jar;C:\Users\khdp9\.m2\repository\com\fasterxml\jackson\core\jackson-annotations\2.10.3\jackson-annotations-2.10.3.jar;C:\Users\khdp9\.m2\repository\com\fasterxml\jackson\core\jackson-databind\2.10.3\jackson-databind-2.10.3.jar;C:\Users\khdp9\.m2\repository\com\fasterxml\jackson\core\jackson-core\2.10.3\jackson-core-2.10.3.jar;C:\Users\khdp9\.m2\repository\org\slf4j\jcl-over-slf4j\1.7.30\jcl-over-slf4j-1.7.30.jar;C:\Users\khdp9\.m2\repository\com\github\docker-java\docker-java-transport-httpclient5\3.4.0\docker-java-transport-httpclient5-3.4.0.jar;C:\Users\khdp9\.m2\repository\com\github\docker-java\docker-java-transport\3.4.0\docker-java-transport-3.4.0.jar;C:\Users\khdp9\.m2\repository\net\java\dev\jna\jna\5.13.0\jna-5.13.0.jar;C:\Users\khdp9\.m2\repository\org\brotli\dec\0.1.2\dec-0.1.2.jar;C:\Users\khdp9\.m2\repository\org\apache\commons\commons-lang3\3.15.0\commons-lang3-3.15.0.jar;C:\Users\khdp9\.m2\repository\org\apache\commons\commons-compress\1.26.2\commons-compress-1.26.2.jar;C:\Users\khdp9\.m2\repository\commons-codec\commons-codec\1.17.0\commons-codec-1.17.0.jar;C:\Users\khdp9\.m2\repository\commons-io\commons-io\2.16.1\commons-io-2.16.1.jar;C:\Users\khdp9\.m2\repository\org\apache\httpcomponents\client5\httpclient5\5.2.1\httpclient5-5.2.1.jar;C:\Users\khdp9\.m2\repository\org\apache\httpcomponents\core5\httpcore5\5.2\httpcore5-5.2.jar;C:\Users\khdp9\.m2\repository\org\apache\httpcomponents\core5\httpcore5-h2\5.2\httpcore5-h2-5.2.jar;C:\Users\khdp9\.m2\repository\io\cucumber\cucumber-java\7.28.1\cucumber-java-7.28.1.jar;C:\Users\khdp9\.m2\repository\io\cucumber\cucumber-core\7.28.1\cucumber-core-7.28.1.jar;C:\Users\khdp9\.m2\repository\io\cucumber\cucumber-gherkin\7.28.1\cucumber-gherkin-7.28.1.jar;C:\Users\khdp9\.m2\repository\io\cucumber\cucumber-gherkin-messages\7.28.1\cucumber-gherkin-messages-7.28.1.jar;C:\Users\khdp9\.m2\repository\io\cucumber\gherkin\34.0.0\gherkin-34.0.0.jar;C:\Users\khdp9\.m2\repository\org\assertj\assertj-core\3.27.4\assertj-core-3.27.4.jar;C:\Users\khdp9\.m2\repository\io\cucumber\messages\28.1.0\messages-28.1.0.jar;C:\Users\khdp9\.m2\repository\io\cucumber\pretty-formatter\2.1.0\pretty-formatter-2.1.0.jar;C:\Users\khdp9\.m2\repository\io\cucumber\query\13.6.0\query-13.6.0.jar;C:\Users\khdp9\.m2\repository\io\cucumber\testng-xml-formatter\0.5.0\testng-xml-formatter-0.5.0.jar;C:\Users\khdp9\.m2\repository\io\cucumber\tag-expressions\6.1.2\tag-expressions-6.1.2.jar;C:\Users\khdp9\.m2\repository\io\cucumber\cucumber-expressions\18.0.1\cucumber-expressions-18.0.1.jar;C:\Users\khdp9\.m2\repository\io\cucumber\cucumber-json-formatter\0.1.2\cucumber-json-formatter-0.1.2.jar;C:\Users\khdp9\.m2\repository\com\networknt\json-schema-validator\1.5.8\json-schema-validator-1.5.8.jar;C:\Users\khdp9\.m2\repository\com\ethlo\time\itu\1.10.3\itu-1.10.3.jar;C:\Users\khdp9\.m2\repository\com\fasterxml\jackson\dataformat\jackson-dataformat-yaml\2.18.3\jackson-dataformat-yaml-2.18.3.jar;C:\Users\khdp9\.m2\repository\org\yaml\snakeyaml\2.3\snakeyaml-2.3.jar;C:\Users\khdp9\.m2\repository\io\cucumber\datatable\7.28.1\datatable-7.28.1.jar;C:\Users\khdp9\.m2\repository\io\cucumber\cucumber-plugin\7.28.1\cucumber-plugin-7.28.1.jar;C:\Users\khdp9\.m2\repository\io\cucumber\docstring\7.28.1\docstring-7.28.1.jar;C:\Users\khdp9\.m2\repository\io\cucumber\html-formatter\21.13.0\html-formatter-21.13.0.jar;C:\Users\khdp9\.m2\repository\io\cucumber\junit-xml-formatter\0.8.1\junit-xml-formatter-0.8.1.jar;C:\Users\khdp9\.m2\repository\io\cucumber\ci-environment\10.0.1\ci-environment-10.0.1.jar;C:\Users\khdp9\.m2\repository\org\apiguardian\apiguardian-api\1.1.2\apiguardian-api-1.1.2.jar;C:\Users\khdp9\.m2\repository\io\cucumber\cucumber-testng\7.28.1\cucumber-testng-7.28.1.jar;C:\Users\khdp9\.m2\repository\org\testng\testng\7.11.0\testng-7.11.0.jar;C:\Users\khdp9\.m2\repository\org\jcommander\jcommander\1.83\jcommander-1.83.jar;C:\Users\khdp9\.m2\repository\org\webjars\jquery\3.7.1\jquery-3.7.1.jar;"/>
    <property name="java.vm.vendor" value="Eclipse Adoptium"/>
    <property name="sun.arch.data.model" value="64"/>
    <property name="user.variant" value=""/>
    <property name="java.vendor.url" value="https://adoptium.net/"/>
    <property name="user.timezone" value="Asia/Calcutta"/>
    <property name="os.name" value="Windows 11"/>
    <property name="java.vm.specification.version" value="22"/>
    <property name="sun.java.launcher" value="SUN_STANDARD"/>
    <property name="user.country" value="US"/>
    <property name="sun.boot.library.path" value="C:\Users\khdp9\.p2\pool\plugins\org.eclipse.justj.openjdk.hotspot.jre.full.win32.x86_64_22.0.1.v20240426-1149\jre\bin"/>
    <property name="sun.java.command" value="C:\Users\khdp9\AppData\Local\Temp\surefire359387248522970070\surefirebooter-20250906122240401_3.jar C:\Users\khdp9\AppData\Local\Temp\surefire359387248522970070 2025-09-06T12-22-40_255-jvmRun1 surefire-20250906122240401_1tmp surefire_0-20250906122240401_2tmp"/>
    <property name="jdk.debug" value="release"/>
    <property name="surefire.test.class.path" value="D:\Wipro\Training\CapstoneProject\capstoneproject\target\test-classes;D:\Wipro\Training\CapstoneProject\capstoneproject\target\classes;C:\Users\khdp9\.m2\repository\org\seleniumhq\selenium\selenium-java\4.14.0\selenium-java-4.14.0.jar;C:\Users\khdp9\.m2\repository\org\seleniumhq\selenium\selenium-api\4.14.0\selenium-api-4.14.0.jar;C:\Users\khdp9\.m2\repository\org\seleniumhq\selenium\selenium-chrome-driver\4.14.0\selenium-chrome-driver-4.14.0.jar;C:\Users\khdp9\.m2\repository\com\google\auto\service\auto-service-annotations\1.1.1\auto-service-annotations-1.1.1.jar;C:\Users\khdp9\.m2\repository\com\google\guava\guava\32.1.2-jre\guava-32.1.2-jre.jar;C:\Users\khdp9\.m2\repository\com\google\guava\failureaccess\1.0.1\failureaccess-1.0.1.jar;C:\Users\khdp9\.m2\repository\com\google\guava\listenablefuture\9999.0-empty-to-avoid-conflict-with-guava\listenablefuture-9999.0-empty-to-avoid-conflict-with-guava.jar;C:\Users\khdp9\.m2\repository\com\google\code\findbugs\jsr305\3.0.2\jsr305-3.0.2.jar;C:\Users\khdp9\.m2\repository\org\checkerframework\checker-qual\3.33.0\checker-qual-3.33.0.jar;C:\Users\khdp9\.m2\repository\com\google\j2objc\j2objc-annotations\2.8\j2objc-annotations-2.8.jar;C:\Users\khdp9\.m2\repository\org\seleniumhq\selenium\selenium-chromium-driver\4.14.0\selenium-chromium-driver-4.14.0.jar;C:\Users\khdp9\.m2\repository\org\seleniumhq\selenium\selenium-json\4.14.0\selenium-json-4.14.0.jar;C:\Users\khdp9\.m2\repository\org\seleniumhq\selenium\selenium-manager\4.14.0\selenium-manager-4.14.0.jar;C:\Users\khdp9\.m2\repository\org\seleniumhq\selenium\selenium-devtools-v116\4.14.0\selenium-devtools-v116-4.14.0.jar;C:\Users\khdp9\.m2\repository\org\seleniumhq\selenium\selenium-devtools-v117\4.14.0\selenium-devtools-v117-4.14.0.jar;C:\Users\khdp9\.m2\repository\org\seleniumhq\selenium\selenium-devtools-v118\4.14.0\selenium-devtools-v118-4.14.0.jar;C:\Users\khdp9\.m2\repository\org\seleniumhq\selenium\selenium-devtools-v85\4.14.0\selenium-devtools-v85-4.14.0.jar;C:\Users\khdp9\.m2\repository\org\seleniumhq\selenium\selenium-edge-driver\4.14.0\selenium-edge-driver-4.14.0.jar;C:\Users\khdp9\.m2\repository\org\seleniumhq\selenium\selenium-firefox-driver\4.14.0\selenium-firefox-driver-4.14.0.jar;C:\Users\khdp9\.m2\repository\org\seleniumhq\selenium\selenium-http\4.14.0\selenium-http-4.14.0.jar;C:\Users\khdp9\.m2\repository\dev\failsafe\failsafe\3.3.2\failsafe-3.3.2.jar;C:\Users\khdp9\.m2\repository\org\seleniumhq\selenium\selenium-ie-driver\4.14.0\selenium-ie-driver-4.14.0.jar;C:\Users\khdp9\.m2\repository\org\seleniumhq\selenium\selenium-remote-driver\4.14.0\selenium-remote-driver-4.14.0.jar;C:\Users\khdp9\.m2\repository\io\opentelemetry\opentelemetry-api\1.28.0\opentelemetry-api-1.28.0.jar;C:\Users\khdp9\.m2\repository\io\opentelemetry\opentelemetry-context\1.28.0\opentelemetry-context-1.28.0.jar;C:\Users\khdp9\.m2\repository\io\opentelemetry\opentelemetry-exporter-logging\1.28.0\opentelemetry-exporter-logging-1.28.0.jar;C:\Users\khdp9\.m2\repository\io\opentelemetry\opentelemetry-sdk-metrics\1.28.0\opentelemetry-sdk-metrics-1.28.0.jar;C:\Users\khdp9\.m2\repository\io\opentelemetry\opentelemetry-extension-incubator\1.28.0-alpha\opentelemetry-extension-incubator-1.28.0-alpha.jar;C:\Users\khdp9\.m2\repository\io\opentelemetry\opentelemetry-sdk-logs\1.28.0\opentelemetry-sdk-logs-1.28.0.jar;C:\Users\khdp9\.m2\repository\io\opentelemetry\opentelemetry-sdk-common\1.28.0\opentelemetry-sdk-common-1.28.0.jar;C:\Users\khdp9\.m2\repository\io\opentelemetry\opentelemetry-sdk-extension-autoconfigure-spi\1.28.0\opentelemetry-sdk-extension-autoconfigure-spi-1.28.0.jar;C:\Users\khdp9\.m2\repository\io\opentelemetry\opentelemetry-sdk-extension-autoconfigure\1.28.0\opentelemetry-sdk-extension-autoconfigure-1.28.0.jar;C:\Users\khdp9\.m2\repository\io\opentelemetry\opentelemetry-api-events\1.28.0-alpha\opentelemetry-api-events-1.28.0-alpha.jar;C:\Users\khdp9\.m2\repository\io\opentelemetry\opentelemetry-sdk-trace\1.28.0\opentelemetry-sdk-trace-1.28.0.jar;C:\Users\khdp9\.m2\repository\io\opentelemetry\opentelemetry-sdk\1.28.0\opentelemetry-sdk-1.28.0.jar;C:\Users\khdp9\.m2\repository\io\opentelemetry\opentelemetry-semconv\1.28.0-alpha\opentelemetry-semconv-1.28.0-alpha.jar;C:\Users\khdp9\.m2\repository\net\bytebuddy\byte-buddy\1.14.5\byte-buddy-1.14.5.jar;C:\Users\khdp9\.m2\repository\org\seleniumhq\selenium\selenium-os\4.14.0\selenium-os-4.14.0.jar;C:\Users\khdp9\.m2\repository\org\apache\commons\commons-exec\1.3\commons-exec-1.3.jar;C:\Users\khdp9\.m2\repository\org\seleniumhq\selenium\selenium-safari-driver\4.14.0\selenium-safari-driver-4.14.0.jar;C:\Users\khdp9\.m2\repository\org\seleniumhq\selenium\selenium-support\4.14.0\selenium-support-4.14.0.jar;C:\Users\khdp9\.m2\repository\io\github\bonigarcia\webdrivermanager\5.9.2\webdrivermanager-5.9.2.jar;C:\Users\khdp9\.m2\repository\org\slf4j\slf4j-api\2.0.13\slf4j-api-2.0.13.jar;C:\Users\khdp9\.m2\repository\com\google\code\gson\gson\2.11.0\gson-2.11.0.jar;C:\Users\khdp9\.m2\repository\com\google\errorprone\error_prone_annotations\2.27.0\error_prone_annotations-2.27.0.jar;C:\Users\khdp9\.m2\repository\com\github\docker-java\docker-java\3.4.0\docker-java-3.4.0.jar;C:\Users\khdp9\.m2\repository\com\github\docker-java\docker-java-core\3.4.0\docker-java-core-3.4.0.jar;C:\Users\khdp9\.m2\repository\com\github\docker-java\docker-java-api\3.4.0\docker-java-api-3.4.0.jar;C:\Users\khdp9\.m2\repository\com\fasterxml\jackson\core\jackson-annotations\2.10.3\jackson-annotations-2.10.3.jar;C:\Users\khdp9\.m2\repository\com\fasterxml\jackson\core\jackson-databind\2.10.3\jackson-databind-2.10.3.jar;C:\Users\khdp9\.m2\repository\com\fasterxml\jackson\core\jackson-core\2.10.3\jackson-core-2.10.3.jar;C:\Users\khdp9\.m2\repository\org\slf4j\jcl-over-slf4j\1.7.30\jcl-over-slf4j-1.7.30.jar;C:\Users\khdp9\.m2\repository\com\github\docker-java\docker-java-transport-httpclient5\3.4.0\docker-java-transport-httpclient5-3.4.0.jar;C:\Users\khdp9\.m2\repository\com\github\docker-java\docker-java-transport\3.4.0\docker-java-transport-3.4.0.jar;C:\Users\khdp9\.m2\repository\net\java\dev\jna\jna\5.13.0\jna-5.13.0.jar;C:\Users\khdp9\.m2\repository\org\brotli\dec\0.1.2\dec-0.1.2.jar;C:\Users\khdp9\.m2\repository\org\apache\commons\commons-lang3\3.15.0\commons-lang3-3.15.0.jar;C:\Users\khdp9\.m2\repository\org\apache\commons\commons-compress\1.26.2\commons-compress-1.26.2.jar;C:\Users\khdp9\.m2\repository\commons-codec\commons-codec\1.17.0\commons-codec-1.17.0.jar;C:\Users\khdp9\.m2\repository\commons-io\commons-io\2.16.1\commons-io-2.16.1.jar;C:\Users\khdp9\.m2\repository\org\apache\httpcomponents\client5\httpclient5\5.2.1\httpclient5-5.2.1.jar;C:\Users\khdp9\.m2\repository\org\apache\httpcomponents\core5\httpcore5\5.2\httpcore5-5.2.jar;C:\Users\khdp9\.m2\repository\org\apache\httpcomponents\core5\httpcore5-h2\5.2\httpcore5-h2-5.2.jar;C:\Users\khdp9\.m2\repository\io\cucumber\cucumber-java\7.28.1\cucumber-java-7.28.1.jar;C:\Users\khdp9\.m2\repository\io\cucumber\cucumber-core\7.28.1\cucumber-core-7.28.1.jar;C:\Users\khdp9\.m2\repository\io\cucumber\cucumber-gherkin\7.28.1\cucumber-gherkin-7.28.1.jar;C:\Users\khdp9\.m2\repository\io\cucumber\cucumber-gherkin-messages\7.28.1\cucumber-gherkin-messages-7.28.1.jar;C:\Users\khdp9\.m2\repository\io\cucumber\gherkin\34.0.0\gherkin-34.0.0.jar;C:\Users\khdp9\.m2\repository\org\assertj\assertj-core\3.27.4\assertj-core-3.27.4.jar;C:\Users\khdp9\.m2\repository\io\cucumber\messages\28.1.0\messages-28.1.0.jar;C:\Users\khdp9\.m2\repository\io\cucumber\pretty-formatter\2.1.0\pretty-formatter-2.1.0.jar;C:\Users\khdp9\.m2\repository\io\cucumber\query\13.6.0\query-13.6.0.jar;C:\Users\khdp9\.m2\repository\io\cucumber\testng-xml-formatter\0.5.0\testng-xml-formatter-0.5.0.jar;C:\Users\khdp9\.m2\repository\io\cucumber\tag-expressions\6.1.2\tag-expressions-6.1.2.jar;C:\Users\khdp9\.m2\repository\io\cucumber\cucumber-expressions\18.0.1\cucumber-expressions-18.0.1.jar;C:\Users\khdp9\.m2\repository\io\cucumber\cucumber-json-formatter\0.1.2\cucumber-json-formatter-0.1.2.jar;C:\Users\khdp9\.m2\repository\com\networknt\json-schema-validator\1.5.8\json-schema-validator-1.5.8.jar;C:\Users\khdp9\.m2\repository\com\ethlo\time\itu\1.10.3\itu-1.10.3.jar;C:\Users\khdp9\.m2\repository\com\fasterxml\jackson\dataformat\jackson-dataformat-yaml\2.18.3\jackson-dataformat-yaml-2.18.3.jar;C:\Users\khdp9\.m2\repository\org\yaml\snakeyaml\2.3\snakeyaml-2.3.jar;C:\Users\khdp9\.m2\repository\io\cucumber\datatable\7.28.1\datatable-7.28.1.jar;C:\Users\khdp9\.m2\repository\io\cucumber\cucumber-plugin\7.28.1\cucumber-plugin-7.28.1.jar;C:\Users\khdp9\.m2\repository\io\cucumber\docstring\7.28.1\docstring-7.28.1.jar;C:\Users\khdp9\.m2\repository\io\cucumber\html-formatter\21.13.0\html-formatter-21.13.0.jar;C:\Users\khdp9\.m2\repository\io\cucumber\junit-xml-formatter\0.8.1\junit-xml-formatter-0.8.1.jar;C:\Users\khdp9\.m2\repository\io\cucumber\ci-environment\10.0.1\ci-environment-10.0.1.jar;C:\Users\khdp9\.m2\repository\org\apiguardian\apiguardian-api\1.1.2\apiguardian-api-1.1.2.jar;C:\Users\khdp9\.m2\repository\io\cucumber\cucumber-testng\7.28.1\cucumber-testng-7.28.1.jar;C:\Users\khdp9\.m2\repository\org\testng\testng\7.11.0\testng-7.11.0.jar;C:\Users\khdp9\.m2\repository\org\jcommander\jcommander\1.83\jcommander-1.83.jar;C:\Users\khdp9\.m2\repository\org\webjars\jquery\3.7.1\jquery-3.7.1.jar;"/>
    <property name="sun.cpu.endian" value="little"/>
    <property name="user.home" value="C:\Users\khdp9"/>
    <property name="user.language" value="en"/>
    <property name="java.specification.vendor" value="Oracle Corporation"/>
    <property name="java.version.date" value="2024-04-16"/>
    <property name="java.home" value="C:\Users\khdp9\.p2\pool\plugins\org.eclipse.justj.openjdk.hotspot.jre.full.win32.x86_64_22.0.1.v20240426-1149\jre"/>
    <property name="file.separator" value="\"/>
    <property name="basedir" value="D:\Wipro\Training\CapstoneProject\capstoneproject"/>
    <property name="style.color" value="always"/>
    <property name="java.vm.compressedOopsMode" value="32-bit"/>
    <property name="line.separator" value="&#10;"/>
    <property name="java.vm.specification.vendor" value="Oracle Corporation"/>
    <property name="java.specification.name" value="Java Platform API Specification"/>
    <property name="surefire.real.class.path" value="C:\Users\khdp9\AppData\Local\Temp\surefire359387248522970070\surefirebooter-20250906122240401_3.jar"/>
    <property name="user.script" value=""/>
    <property name="sun.management.compiler" value="HotSpot 64-Bit Tiered Compilers"/>
    <property name="java.runtime.version" value="22.0.1+8"/>
    <property name="user.name" value="khdp9"/>
    <property name="stdout.encoding" value="Cp1252"/>
    <property name="path.separator" value=";"/>
    <property name="os.version" value="10.0"/>
    <property name="java.runtime.name" value="OpenJDK Runtime Environment"/>
    <property name="file.encoding" value="UTF-8"/>
    <property name="java.vm.name" value="OpenJDK 64-Bit Server VM"/>
    <property name="java.vendor.version" value="Temurin-22.0.1+8"/>
    <property name="localRepository" value="C:\Users\khdp9\.m2\repository"/>
    <property name="java.vendor.url.bug" value="https://github.com/adoptium/adoptium-support/issues"/>
    <property name="java.io.tmpdir" value="C:\Users\khdp9\AppData\Local\Temp\"/>
    <property name="java.version" value="22.0.1"/>
    <property name="user.dir" value="D:\Wipro\Training\CapstoneProject\capstoneproject"/>
    <property name="os.arch" value="amd64"/>
    <property name="java.vm.specification.name" value="Java Virtual Machine Specification"/>
    <property name="sun.os.patch.level" value=""/>
    <property name="native.encoding" value="Cp1252"/>
    <property name="java.library.path" value="C:\Users\khdp9\.p2\pool\plugins\org.eclipse.justj.openjdk.hotspot.jre.full.win32.x86_64_22.0.1.v20240426-1149\jre\bin;C:\WINDOWS\Sun\Java\bin;C:\WINDOWS\system32;C:\WINDOWS;C:/Users/khdp9/.p2/pool/plugins/org.eclipse.justj.openjdk.hotspot.jre.full.win32.x86_64_22.0.1.v20240426-1149/jre/bin/server;C:/Users/khdp9/.p2/pool/plugins/org.eclipse.justj.openjdk.hotspot.jre.full.win32.x86_64_22.0.1.v20240426-1149/jre/bin;C:\Program Files\Common Files\Oracle\Java\javapath;C:\Program Files (x86)\Common Files\Oracle\Java\java8path;C:\Program Files (x86)\Common Files\Oracle\Java\javapath;C:\Windows\system32;C:\Windows;C:\Windows\System32\Wbem;C:\Windows\System32\WindowsPowerShell\v1.0\;C:\Windows\System32\OpenSSH\;C:\Program Files (x86)\NVIDIA Corporation\PhysX\Common;C:\Program Files\NVIDIA Corporation\NVIDIA NvDLISR;C:\WINDOWS\system32;C:\WINDOWS;C:\WINDOWS\System32\Wbem;C:\WINDOWS\System32\WindowsPowerShell\v1.0\;C:\WINDOWS\System32\OpenSSH\;C:\Program Files\nodejs\;C:\Program Files\MySQL\MySQL Server 8.0\bin;C:\MinGW\bin;C:\Program Files\Git\cmd;C:\Program Files\Java\jre1.8.0_421\bin;C:\Program Files\dotnet\;D:\Wipro\Selenium\Selenium\apache-maven-3.9.11-bin\apache-maven-3.9.11\bin;C:\Program Files\Java\jdk-17\bin;C:\Program Files\MySQL\MySQL Shell 8.0\bin\;C:\Users\khdp9\AppData\Local\Programs\Python\Python311\Scripts\;C:\Users\khdp9\AppData\Local\Programs\Python\Python311\;C:\Users\khdp9\AppData\Local\Microsoft\WindowsApps;C:\Users\khdp9\AppData\Local\Programs\Microsoft VS Code\bin;C:\Users\khdp9\AppData\Roaming\npm;;C:\Users\khdp9\OneDrive\Desktop;;."/>
    <property name="java.vm.info" value="mixed mode"/>
    <property name="stderr.encoding" value="Cp1252"/>
    <property name="java.vendor" value="Eclipse Adoptium"/>
    <property name="java.vm.version" value="22.0.1+8"/>
    <property name="sun.io.unicode.encoding" value="UnicodeLittle"/>
    <property name="java.class.version" value="66.0"/>
  </properties>
  <testcase name="runScenario[&quot;Add two items and verify cart badge&quot;, &quot;Cart and Checkout flows&quot;](1)" classname="runners.TestRunner" time="10.303">
    <system-out><![CDATA[
Scenario: Add two items and verify cart badge                              # file:///D:/Wipro/Training/CapstoneProject/capstoneproject/src/test/resources/features/cart_and_checkout.feature:3
  ✔ Given I open the saucedemo site                                        # stepdefinitions.Steps.i_open_the_saucedemo_site()
  ✔ When I login with username "standard_user" and password "secret_sauce" # stepdefinitions.Steps.i_login_with_username_and_password(java.lang.String,java.lang.String)
  ✔ And I add 2 items to cart                                              # stepdefinitions.Steps.i_add_items_to_cart(java.lang.Integer)
  ✔ Then cart count should be 2                                            # stepdefinitions.Steps.cart_count_should_be(java.lang.Integer)
]]></system-out>
    <system-err><![CDATA[SLF4J(W): No SLF4J providers were found.
SLF4J(W): Defaulting to no-operation (NOP) logger implementation
SLF4J(W): See https://www.slf4j.org/codes.html#noProviders for further details.
Sep 06, 2025 12:22:49 PM org.openqa.selenium.devtools.CdpVersionFinder findNearestMatch
WARNING: Unable to find CDP implementation matching 139
Sep 06, 2025 12:22:49 PM org.openqa.selenium.chromium.ChromiumDriver lambda$new$5
WARNING: Unable to find version of CDP to use for 139.0.7258.155. You may need to include a dependency on a specific version of the CDP using something similar to `org.seleniumhq.selenium:selenium-devtools-v86:4.14.0` where the version ("v86") matches the version of the chromium-based browser you're using and the version number of the artifact is the same as Selenium's.
]]></system-err>
  </testcase>
  <testcase name="runScenario[&quot;Checkout completes successfully&quot;, &quot;Cart and Checkout flows&quot;](2)" classname="runners.TestRunner" time="10.738">
    <system-out><![CDATA[
Scenario: Checkout completes successfully                                  # file:///D:/Wipro/Training/CapstoneProject/capstoneproject/src/test/resources/features/cart_and_checkout.feature:9
  ✔ Given I open the saucedemo site                                        # stepdefinitions.Steps.i_open_the_saucedemo_site()
  ✔ When I login with username "standard_user" and password "secret_sauce" # stepdefinitions.Steps.i_login_with_username_and_password(java.lang.String,java.lang.String)
  ✔ And I add 1 items to cart                                              # stepdefinitions.Steps.i_add_items_to_cart(java.lang.Integer)
  ✔ And I open the cart                                                    # stepdefinitions.Steps.i_open_the_cart()
  ✔ And I click checkout                                                   # stepdefinitions.Steps.i_click_checkout()
  ✔ And I fill checkout info with "Kiran", "Kumar", "560001"               # stepdefinitions.Steps.i_fill_checkout_info_with(java.lang.String,java.lang.String,java.lang.String)
  ✔ And I finish checkout                                                  # stepdefinitions.Steps.i_finish_checkout()
  ✔ Then I should see order complete text "Thank you for your order!"      # stepdefinitions.Steps.i_should_see_order_complete_text(java.lang.String)
]]></system-out>
    <system-err><![CDATA[Sep 06, 2025 12:22:57 PM org.openqa.selenium.devtools.CdpVersionFinder findNearestMatch
WARNING: Unable to find CDP implementation matching 139
Sep 06, 2025 12:22:57 PM org.openqa.selenium.chromium.ChromiumDriver lambda$new$5
WARNING: Unable to find version of CDP to use for 139.0.7258.155. You may need to include a dependency on a specific version of the CDP using something similar to `org.seleniumhq.selenium:selenium-devtools-v86:4.14.0` where the version ("v86") matches the version of the chromium-based browser you're using and the version number of the artifact is the same as Selenium's.
]]></system-err>
  </testcase>
  <testcase name="runScenario[&quot;Remove item from products page updates cart badge&quot;, &quot;Cart and Checkout flows&quot;](3)" classname="runners.TestRunner" time="7.489">
    <system-out><![CDATA[
Scenario: Remove item from products page updates cart badge                # file:///D:/Wipro/Training/CapstoneProject/capstoneproject/src/test/resources/features/cart_and_checkout.feature:19
  ✔ Given I open the saucedemo site                                        # stepdefinitions.Steps.i_open_the_saucedemo_site()
  ✔ When I login with username "standard_user" and password "secret_sauce" # stepdefinitions.Steps.i_login_with_username_and_password(java.lang.String,java.lang.String)
  ✔ And I add 1 items to cart                                              # stepdefinitions.Steps.i_add_items_to_cart(java.lang.Integer)
  ✔ Then cart count should be 1                                            # stepdefinitions.Steps.cart_count_should_be(java.lang.Integer)
  ✔ When I remove 1 item from cart by index 0                              # stepdefinitions.Steps.i_remove_item_from_cart_by_index(java.lang.Integer,java.lang.Integer)
  ✔ Then cart count should be 0                                            # stepdefinitions.Steps.cart_count_should_be(java.lang.Integer)
]]></system-out>
    <system-err><![CDATA[Sep 06, 2025 12:23:08 PM org.openqa.selenium.devtools.CdpVersionFinder findNearestMatch
WARNING: Unable to find CDP implementation matching 139
Sep 06, 2025 12:23:08 PM org.openqa.selenium.chromium.ChromiumDriver lambda$new$5
WARNING: Unable to find version of CDP to use for 139.0.7258.155. You may need to include a dependency on a specific version of the CDP using something similar to `org.seleniumhq.selenium:selenium-devtools-v86:4.14.0` where the version ("v86") matches the version of the chromium-based browser you're using and the version number of the artifact is the same as Selenium's.
]]></system-err>
  </testcase>
  <testcase name="runScenario[&quot;Successful login with standard user&quot;, &quot;Login functionality&quot;](4)" classname="runners.TestRunner" time="6.758">
    <system-out><![CDATA[
Scenario: Successful login with standard user                              # file:///D:/Wipro/Training/CapstoneProject/capstoneproject/src/test/resources/features/login.feature:3
  ✔ Given I open the saucedemo site                                        # stepdefinitions.Steps.i_open_the_saucedemo_site()
  ✔ When I login with username "standard_user" and password "secret_sauce" # stepdefinitions.Steps.i_login_with_username_and_password(java.lang.String,java.lang.String)
  ✔ Then I should see products page with at least 1 items                  # stepdefinitions.Steps.i_should_see_products_page_with_at_least_items(java.lang.Integer)
]]></system-out>
    <system-err><![CDATA[Sep 06, 2025 12:23:15 PM org.openqa.selenium.devtools.CdpVersionFinder findNearestMatch
WARNING: Unable to find CDP implementation matching 139
Sep 06, 2025 12:23:15 PM org.openqa.selenium.chromium.ChromiumDriver lambda$new$5
WARNING: Unable to find version of CDP to use for 139.0.7258.155. You may need to include a dependency on a specific version of the CDP using something similar to `org.seleniumhq.selenium:selenium-devtools-v86:4.14.0` where the version ("v86") matches the version of the chromium-based browser you're using and the version number of the artifact is the same as Selenium's.
]]></system-err>
  </testcase>
  <testcase name="runScenario[&quot;Locked out user should see error&quot;, &quot;Login functionality&quot;](5)" classname="runners.TestRunner" time="6.988">
    <system-out><![CDATA[
Scenario: Locked out user should see error                                   # file:///D:/Wipro/Training/CapstoneProject/capstoneproject/src/test/resources/features/login.feature:8
  ✔ Given I open the saucedemo site                                          # stepdefinitions.Steps.i_open_the_saucedemo_site()
  ✔ When I login with username "locked_out_user" and password "secret_sauce" # stepdefinitions.Steps.i_login_with_username_and_password(java.lang.String,java.lang.String)
  ✔ Then I should see error containing "locked out"                          # stepdefinitions.Steps.i_should_see_error_containing(java.lang.String)
]]></system-out>
    <system-err><![CDATA[Sep 06, 2025 12:23:22 PM org.openqa.selenium.devtools.CdpVersionFinder findNearestMatch
WARNING: Unable to find CDP implementation matching 139
Sep 06, 2025 12:23:22 PM org.openqa.selenium.chromium.ChromiumDriver lambda$new$5
WARNING: Unable to find version of CDP to use for 139.0.7258.155. You may need to include a dependency on a specific version of the CDP using something similar to `org.seleniumhq.selenium:selenium-devtools-v86:4.14.0` where the version ("v86") matches the version of the chromium-based browser you're using and the version number of the artifact is the same as Selenium's.
]]></system-err>
  </testcase>
  <testcase name="runScenario[&quot;Wrong password shows error&quot;, &quot;Login functionality&quot;](6)" classname="runners.TestRunner" time="6.92">
    <system-out><![CDATA[
Scenario: Wrong password shows error                                        # file:///D:/Wipro/Training/CapstoneProject/capstoneproject/src/test/resources/features/login.feature:13
  ✔ Given I open the saucedemo site                                         # stepdefinitions.Steps.i_open_the_saucedemo_site()
  ✔ When I login with username "standard_user" and password "wrong"         # stepdefinitions.Steps.i_login_with_username_and_password(java.lang.String,java.lang.String)
  ✔ Then I should see error containing "Username and password do not match" # stepdefinitions.Steps.i_should_see_error_containing(java.lang.String)
]]></system-out>
    <system-err><![CDATA[Sep 06, 2025 12:23:29 PM org.openqa.selenium.devtools.CdpVersionFinder findNearestMatch
WARNING: Unable to find CDP implementation matching 139
Sep 06, 2025 12:23:29 PM org.openqa.selenium.chromium.ChromiumDriver lambda$new$5
WARNING: Unable to find version of CDP to use for 139.0.7258.155. You may need to include a dependency on a specific version of the CDP using something similar to `org.seleniumhq.selenium:selenium-devtools-v86:4.14.0` where the version ("v86") matches the version of the chromium-based browser you're using and the version number of the artifact is the same as Selenium's.
]]></system-err>
  </testcase>
  <testcase name="runScenario[&quot;Empty username and password shows error&quot;, &quot;Negative and edge cases&quot;](7)" classname="runners.TestRunner" time="6.551">
    <system-out><![CDATA[
Scenario: Empty username and password shows error             # file:///D:/Wipro/Training/CapstoneProject/capstoneproject/src/test/resources/features/negative.feature:3
  ✔ Given I open the saucedemo site                           # stepdefinitions.Steps.i_open_the_saucedemo_site()
  ✔ When I login with username "" and password ""             # stepdefinitions.Steps.i_login_with_username_and_password(java.lang.String,java.lang.String)
  ✔ Then I should see error containing "Username is required" # stepdefinitions.Steps.i_should_see_error_containing(java.lang.String)
]]></system-out>
    <system-err><![CDATA[Sep 06, 2025 12:23:35 PM org.openqa.selenium.devtools.CdpVersionFinder findNearestMatch
WARNING: Unable to find CDP implementation matching 139
Sep 06, 2025 12:23:35 PM org.openqa.selenium.chromium.ChromiumDriver lambda$new$5
WARNING: Unable to find version of CDP to use for 139.0.7258.155. You may need to include a dependency on a specific version of the CDP using something similar to `org.seleniumhq.selenium:selenium-devtools-v86:4.14.0` where the version ("v86") matches the version of the chromium-based browser you're using and the version number of the artifact is the same as Selenium's.
]]></system-err>
  </testcase>
  <testcase name="runScenario[&quot;Problem user can login but UI may be broken&quot;, &quot;Negative and edge cases&quot;](8)" classname="runners.TestRunner" time="7.261">
    <system-out><![CDATA[
Scenario: Problem user can login but UI may be broken                     # file:///D:/Wipro/Training/CapstoneProject/capstoneproject/src/test/resources/features/negative.feature:8
  ✔ Given I open the saucedemo site                                       # stepdefinitions.Steps.i_open_the_saucedemo_site()
  ✔ When I login with username "problem_user" and password "secret_sauce" # stepdefinitions.Steps.i_login_with_username_and_password(java.lang.String,java.lang.String)
  ✔ Then I should see products page with at least 1 items                 # stepdefinitions.Steps.i_should_see_products_page_with_at_least_items(java.lang.Integer)
]]></system-out>
    <system-err><![CDATA[Sep 06, 2025 12:23:43 PM org.openqa.selenium.devtools.CdpVersionFinder findNearestMatch
WARNING: Unable to find CDP implementation matching 139
Sep 06, 2025 12:23:43 PM org.openqa.selenium.chromium.ChromiumDriver lambda$new$5
WARNING: Unable to find version of CDP to use for 139.0.7258.155. You may need to include a dependency on a specific version of the CDP using something similar to `org.seleniumhq.selenium:selenium-devtools-v86:4.14.0` where the version ("v86") matches the version of the chromium-based browser you're using and the version number of the artifact is the same as Selenium's.
]]></system-err>
  </testcase>
  <testcase name="runScenario[&quot;Products listing has multiple items&quot;, &quot;Products listing, sorting and names&quot;](9)" classname="runners.TestRunner" time="7.366">
    <system-out><![CDATA[
Scenario: Products listing has multiple items                              # file:///D:/Wipro/Training/CapstoneProject/capstoneproject/src/test/resources/features/products.feature:3
  ✔ Given I open the saucedemo site                                        # stepdefinitions.Steps.i_open_the_saucedemo_site()
  ✔ When I login with username "standard_user" and password "secret_sauce" # stepdefinitions.Steps.i_login_with_username_and_password(java.lang.String,java.lang.String)
  ✔ Then I should see products page with at least 6 items                  # stepdefinitions.Steps.i_should_see_products_page_with_at_least_items(java.lang.Integer)
]]></system-out>
    <system-err><![CDATA[Sep 06, 2025 12:23:50 PM org.openqa.selenium.devtools.CdpVersionFinder findNearestMatch
WARNING: Unable to find CDP implementation matching 139
Sep 06, 2025 12:23:50 PM org.openqa.selenium.chromium.ChromiumDriver lambda$new$5
WARNING: Unable to find version of CDP to use for 139.0.7258.155. You may need to include a dependency on a specific version of the CDP using something similar to `org.seleniumhq.selenium:selenium-devtools-v86:4.14.0` where the version ("v86") matches the version of the chromium-based browser you're using and the version number of the artifact is the same as Selenium's.
]]></system-err>
  </testcase>
  <testcase name="runScenario[&quot;Sort products by Price (low to high)&quot;, &quot;Products listing, sorting and names&quot;](10)" classname="runners.TestRunner" time="8.748">
    <system-out><![CDATA[
Scenario: Sort products by Price (low to high)                             # file:///D:/Wipro/Training/CapstoneProject/capstoneproject/src/test/resources/features/products.feature:8
  ✔ Given I open the saucedemo site                                        # stepdefinitions.Steps.i_open_the_saucedemo_site()
  ✔ When I login with username "standard_user" and password "secret_sauce" # stepdefinitions.Steps.i_login_with_username_and_password(java.lang.String,java.lang.String)
  ✔ And I sort products by "Price (low to high)"                           # stepdefinitions.Steps.i_sort_products_by(java.lang.String)
  ✔ Then the product names list should be returned                         # stepdefinitions.Steps.the_product_names_list_should_be_returned()
]]></system-out>
    <system-err><![CDATA[Sep 06, 2025 12:23:58 PM org.openqa.selenium.devtools.CdpVersionFinder findNearestMatch
WARNING: Unable to find CDP implementation matching 139
Sep 06, 2025 12:23:58 PM org.openqa.selenium.chromium.ChromiumDriver lambda$new$5
WARNING: Unable to find version of CDP to use for 139.0.7258.155. You may need to include a dependency on a specific version of the CDP using something similar to `org.seleniumhq.selenium:selenium-devtools-v86:4.14.0` where the version ("v86") matches the version of the chromium-based browser you're using and the version number of the artifact is the same as Selenium's.
]]></system-err>
  </testcase>
  <testcase name="runScenario[&quot;Sort products by Name (A to Z)&quot;, &quot;Products listing, sorting and names&quot;](11)" classname="runners.TestRunner" time="6.781">
    <system-out><![CDATA[
Scenario: Sort products by Name (A to Z)                                   # file:///D:/Wipro/Training/CapstoneProject/capstoneproject/src/test/resources/features/products.feature:14
  ✔ Given I open the saucedemo site                                        # stepdefinitions.Steps.i_open_the_saucedemo_site()
  ✔ When I login with username "standard_user" and password "secret_sauce" # stepdefinitions.Steps.i_login_with_username_and_password(java.lang.String,java.lang.String)
  ✔ And I sort products by "Name (A to Z)"                                 # stepdefinitions.Steps.i_sort_products_by(java.lang.String)
  ✔ Then the product names list should be returned                         # stepdefinitions.Steps.the_product_names_list_should_be_returned()
]]></system-out>
    <system-err><![CDATA[Sep 06, 2025 12:24:05 PM org.openqa.selenium.devtools.CdpVersionFinder findNearestMatch
WARNING: Unable to find CDP implementation matching 139
Sep 06, 2025 12:24:05 PM org.openqa.selenium.chromium.ChromiumDriver lambda$new$5
WARNING: Unable to find version of CDP to use for 139.0.7258.155. You may need to include a dependency on a specific version of the CDP using something similar to `org.seleniumhq.selenium:selenium-devtools-v86:4.14.0` where the version ("v86") matches the version of the chromium-based browser you're using and the version number of the artifact is the same as Selenium's.
]]></system-err>
  </testcase>
</testsuite>