<?xml version="1.0" encoding="UTF-8"?>
<testsuite xmlns:xsi="http://www.w3.org/2001/XMLSchema-instance" xsi:noNamespaceSchemaLocation="https://maven.apache.org/surefire/maven-surefire-plugin/xsd/surefire-test-report.xsd" version="3.0.2" name="TestSuite" time="13.389" tests="2" errors="0" skipped="0" failures="0">
  <properties>
    <property name="java.specification.version" value="17"/>
    <property name="sun.cpu.isalist" value="amd64"/>
    <property name="sun.jnu.encoding" value="Cp1252"/>
    <property name="java.class.path" value="d:\Wipro\Training\CapstoneProject\capstoneproject\target\test-classes;d:\Wipro\Training\CapstoneProject\capstoneproject\target\classes;C:\Users\khdp9\.m2\repository\org\seleniumhq\selenium\selenium-java\4.35.0\selenium-java-4.35.0.jar;C:\Users\khdp9\.m2\repository\org\seleniumhq\selenium\selenium-api\4.35.0\selenium-api-4.35.0.jar;C:\Users\khdp9\.m2\repository\org\jspecify\jspecify\1.0.0\jspecify-1.0.0.jar;C:\Users\khdp9\.m2\repository\org\seleniumhq\selenium\selenium-chrome-driver\4.35.0\selenium-chrome-driver-4.35.0.jar;C:\Users\khdp9\.m2\repository\com\google\auto\service\auto-service-annotations\1.1.1\auto-service-annotations-1.1.1.jar;C:\Users\khdp9\.m2\repository\org\seleniumhq\selenium\selenium-chromium-driver\4.35.0\selenium-chromium-driver-4.35.0.jar;C:\Users\khdp9\.m2\repository\org\seleniumhq\selenium\selenium-json\4.35.0\selenium-json-4.35.0.jar;C:\Users\khdp9\.m2\repository\org\seleniumhq\selenium\selenium-manager\4.35.0\selenium-manager-4.35.0.jar;C:\Users\khdp9\.m2\repository\org\seleniumhq\selenium\selenium-devtools-v137\4.35.0\selenium-devtools-v137-4.35.0.jar;C:\Users\khdp9\.m2\repository\org\seleniumhq\selenium\selenium-devtools-v138\4.35.0\selenium-devtools-v138-4.35.0.jar;C:\Users\khdp9\.m2\repository\org\seleniumhq\selenium\selenium-devtools-v139\4.35.0\selenium-devtools-v139-4.35.0.jar;C:\Users\khdp9\.m2\repository\org\seleniumhq\selenium\selenium-edge-driver\4.35.0\selenium-edge-driver-4.35.0.jar;C:\Users\khdp9\.m2\repository\org\seleniumhq\selenium\selenium-firefox-driver\4.35.0\selenium-firefox-driver-4.35.0.jar;C:\Users\khdp9\.m2\repository\org\seleniumhq\selenium\selenium-http\4.35.0\selenium-http-4.35.0.jar;C:\Users\khdp9\.m2\repository\org\seleniumhq\selenium\selenium-ie-driver\4.35.0\selenium-ie-driver-4.35.0.jar;C:\Users\khdp9\.m2\repository\org\seleniumhq\selenium\selenium-remote-driver\4.35.0\selenium-remote-driver-4.35.0.jar;C:\Users\khdp9\.m2\repository\com\google\guava\guava\33.4.8-jre\guava-33.4.8-jre.jar;C:\Users\khdp9\.m2\repository\com\google\guava\failureaccess\1.0.3\failureaccess-1.0.3.jar;C:\Users\khdp9\.m2\repository\com\google\guava\listenablefuture\9999.0-empty-to-avoid-conflict-with-guava\listenablefuture-9999.0-empty-to-avoid-conflict-with-guava.jar;C:\Users\khdp9\.m2\repository\com\google\errorprone\error_prone_annotations\2.36.0\error_prone_annotations-2.36.0.jar;C:\Users\khdp9\.m2\repository\com\google\j2objc\j2objc-annotations\3.0.0\j2objc-annotations-3.0.0.jar;C:\Users\khdp9\.m2\repository\io\opentelemetry\opentelemetry-api\1.53.0\opentelemetry-api-1.53.0.jar;C:\Users\khdp9\.m2\repository\io\opentelemetry\opentelemetry-context\1.53.0\opentelemetry-context-1.53.0.jar;C:\Users\khdp9\.m2\repository\io\opentelemetry\opentelemetry-common\1.53.0\opentelemetry-common-1.53.0.jar;C:\Users\khdp9\.m2\repository\io\opentelemetry\opentelemetry-exporter-logging\1.53.0\opentelemetry-exporter-logging-1.53.0.jar;C:\Users\khdp9\.m2\repository\io\opentelemetry\opentelemetry-sdk-common\1.53.0\opentelemetry-sdk-common-1.53.0.jar;C:\Users\khdp9\.m2\repository\io\opentelemetry\opentelemetry-sdk-extension-autoconfigure-spi\1.53.0\opentelemetry-sdk-extension-autoconfigure-spi-1.53.0.jar;C:\Users\khdp9\.m2\repository\io\opentelemetry\opentelemetry-sdk-extension-autoconfigure\1.53.0\opentelemetry-sdk-extension-autoconfigure-1.53.0.jar;C:\Users\khdp9\.m2\repository\io\opentelemetry\opentelemetry-sdk-trace\1.53.0\opentelemetry-sdk-trace-1.53.0.jar;C:\Users\khdp9\.m2\repository\io\opentelemetry\opentelemetry-sdk\1.53.0\opentelemetry-sdk-1.53.0.jar;C:\Users\khdp9\.m2\repository\io\opentelemetry\opentelemetry-sdk-metrics\1.53.0\opentelemetry-sdk-metrics-1.53.0.jar;C:\Users\khdp9\.m2\repository\io\opentelemetry\opentelemetry-sdk-logs\1.53.0\opentelemetry-sdk-logs-1.53.0.jar;C:\Users\khdp9\.m2\repository\net\bytebuddy\byte-buddy\1.17.6\byte-buddy-1.17.6.jar;C:\Users\khdp9\.m2\repository\org\seleniumhq\selenium\selenium-os\4.35.0\selenium-os-4.35.0.jar;C:\Users\khdp9\.m2\repository\org\apache\commons\commons-exec\1.5.0\commons-exec-1.5.0.jar;C:\Users\khdp9\.m2\repository\org\seleniumhq\selenium\selenium-safari-driver\4.35.0\selenium-safari-driver-4.35.0.jar;C:\Users\khdp9\.m2\repository\org\seleniumhq\selenium\selenium-support\4.35.0\selenium-support-4.35.0.jar;C:\Users\khdp9\.m2\repository\com\mysql\mysql-connector-j\8.0.33\mysql-connector-j-8.0.33.jar;C:\Users\khdp9\.m2\repository\com\google\protobuf\protobuf-java\3.21.9\protobuf-java-3.21.9.jar;C:\Users\khdp9\.m2\repository\org\testng\testng\7.11.0\testng-7.11.0.jar;C:\Users\khdp9\.m2\repository\org\slf4j\slf4j-api\2.0.16\slf4j-api-2.0.16.jar;C:\Users\khdp9\.m2\repository\org\jcommander\jcommander\1.83\jcommander-1.83.jar;C:\Users\khdp9\.m2\repository\org\webjars\jquery\3.7.1\jquery-3.7.1.jar;C:\Users\khdp9\.m2\repository\io\cucumber\cucumber-java\7.27.2\cucumber-java-7.27.2.jar;C:\Users\khdp9\.m2\repository\io\cucumber\cucumber-core\7.27.2\cucumber-core-7.27.2.jar;C:\Users\khdp9\.m2\repository\io\cucumber\cucumber-gherkin\7.27.2\cucumber-gherkin-7.27.2.jar;C:\Users\khdp9\.m2\repository\io\cucumber\cucumber-gherkin-messages\7.27.2\cucumber-gherkin-messages-7.27.2.jar;C:\Users\khdp9\.m2\repository\io\cucumber\gherkin\34.0.0\gherkin-34.0.0.jar;C:\Users\khdp9\.m2\repository\org\assertj\assertj-core\3.27.4\assertj-core-3.27.4.jar;C:\Users\khdp9\.m2\repository\io\cucumber\messages\28.1.0\messages-28.1.0.jar;C:\Users\khdp9\.m2\repository\io\cucumber\pretty-formatter\2.1.0\pretty-formatter-2.1.0.jar;C:\Users\khdp9\.m2\repository\io\cucumber\query\13.6.0\query-13.6.0.jar;C:\Users\khdp9\.m2\repository\io\cucumber\testng-xml-formatter\0.5.0\testng-xml-formatter-0.5.0.jar;C:\Users\khdp9\.m2\repository\io\cucumber\tag-expressions\6.1.2\tag-expressions-6.1.2.jar;C:\Users\khdp9\.m2\repository\io\cucumber\cucumber-expressions\18.0.1\cucumber-expressions-18.0.1.jar;C:\Users\khdp9\.m2\repository\io\cucumber\datatable\7.27.2\datatable-7.27.2.jar;C:\Users\khdp9\.m2\repository\io\cucumber\cucumber-plugin\7.27.2\cucumber-plugin-7.27.2.jar;C:\Users\khdp9\.m2\repository\io\cucumber\docstring\7.27.2\docstring-7.27.2.jar;C:\Users\khdp9\.m2\repository\io\cucumber\html-formatter\21.13.0\html-formatter-21.13.0.jar;C:\Users\khdp9\.m2\repository\io\cucumber\junit-xml-formatter\0.8.1\junit-xml-formatter-0.8.1.jar;C:\Users\khdp9\.m2\repository\io\cucumber\ci-environment\10.0.1\ci-environment-10.0.1.jar;C:\Users\khdp9\.m2\repository\org\apiguardian\apiguardian-api\1.1.2\apiguardian-api-1.1.2.jar;"/>
    <property name="java.vm.vendor" value="Oracle Corporation"/>
    <property name="sun.arch.data.model" value="64"/>
    <property name="user.variant" value=""/>
    <property name="java.vendor.url" value="https://java.oracle.com/"/>
    <property name="user.timezone" value="Asia/Calcutta"/>
    <property name="os.name" value="Windows 11"/>
    <property name="java.vm.specification.version" value="17"/>
    <property name="sun.java.launcher" value="SUN_STANDARD"/>
    <property name="user.country" value="US"/>
    <property name="sun.boot.library.path" value="C:\Program Files\Java\jdk-17\bin"/>
    <property name="sun.java.command" value="C:\Users\khdp9\AppData\Local\Temp\surefire745764305345286918\surefirebooter-20250902094431785_3.jar C:\Users\khdp9\AppData\Local\Temp\surefire745764305345286918 2025-09-02T09-44-31_578-jvmRun1 surefire-20250902094431785_1tmp surefire_0-20250902094431785_2tmp"/>
    <property name="jdk.debug" value="release"/>
    <property name="surefire.test.class.path" value="d:\Wipro\Training\CapstoneProject\capstoneproject\target\test-classes;d:\Wipro\Training\CapstoneProject\capstoneproject\target\classes;C:\Users\khdp9\.m2\repository\org\seleniumhq\selenium\selenium-java\4.35.0\selenium-java-4.35.0.jar;C:\Users\khdp9\.m2\repository\org\seleniumhq\selenium\selenium-api\4.35.0\selenium-api-4.35.0.jar;C:\Users\khdp9\.m2\repository\org\jspecify\jspecify\1.0.0\jspecify-1.0.0.jar;C:\Users\khdp9\.m2\repository\org\seleniumhq\selenium\selenium-chrome-driver\4.35.0\selenium-chrome-driver-4.35.0.jar;C:\Users\khdp9\.m2\repository\com\google\auto\service\auto-service-annotations\1.1.1\auto-service-annotations-1.1.1.jar;C:\Users\khdp9\.m2\repository\org\seleniumhq\selenium\selenium-chromium-driver\4.35.0\selenium-chromium-driver-4.35.0.jar;C:\Users\khdp9\.m2\repository\org\seleniumhq\selenium\selenium-json\4.35.0\selenium-json-4.35.0.jar;C:\Users\khdp9\.m2\repository\org\seleniumhq\selenium\selenium-manager\4.35.0\selenium-manager-4.35.0.jar;C:\Users\khdp9\.m2\repository\org\seleniumhq\selenium\selenium-devtools-v137\4.35.0\selenium-devtools-v137-4.35.0.jar;C:\Users\khdp9\.m2\repository\org\seleniumhq\selenium\selenium-devtools-v138\4.35.0\selenium-devtools-v138-4.35.0.jar;C:\Users\khdp9\.m2\repository\org\seleniumhq\selenium\selenium-devtools-v139\4.35.0\selenium-devtools-v139-4.35.0.jar;C:\Users\khdp9\.m2\repository\org\seleniumhq\selenium\selenium-edge-driver\4.35.0\selenium-edge-driver-4.35.0.jar;C:\Users\khdp9\.m2\repository\org\seleniumhq\selenium\selenium-firefox-driver\4.35.0\selenium-firefox-driver-4.35.0.jar;C:\Users\khdp9\.m2\repository\org\seleniumhq\selenium\selenium-http\4.35.0\selenium-http-4.35.0.jar;C:\Users\khdp9\.m2\repository\org\seleniumhq\selenium\selenium-ie-driver\4.35.0\selenium-ie-driver-4.35.0.jar;C:\Users\khdp9\.m2\repository\org\seleniumhq\selenium\selenium-remote-driver\4.35.0\selenium-remote-driver-4.35.0.jar;C:\Users\khdp9\.m2\repository\com\google\guava\guava\33.4.8-jre\guava-33.4.8-jre.jar;C:\Users\khdp9\.m2\repository\com\google\guava\failureaccess\1.0.3\failureaccess-1.0.3.jar;C:\Users\khdp9\.m2\repository\com\google\guava\listenablefuture\9999.0-empty-to-avoid-conflict-with-guava\listenablefuture-9999.0-empty-to-avoid-conflict-with-guava.jar;C:\Users\khdp9\.m2\repository\com\google\errorprone\error_prone_annotations\2.36.0\error_prone_annotations-2.36.0.jar;C:\Users\khdp9\.m2\repository\com\google\j2objc\j2objc-annotations\3.0.0\j2objc-annotations-3.0.0.jar;C:\Users\khdp9\.m2\repository\io\opentelemetry\opentelemetry-api\1.53.0\opentelemetry-api-1.53.0.jar;C:\Users\khdp9\.m2\repository\io\opentelemetry\opentelemetry-context\1.53.0\opentelemetry-context-1.53.0.jar;C:\Users\khdp9\.m2\repository\io\opentelemetry\opentelemetry-common\1.53.0\opentelemetry-common-1.53.0.jar;C:\Users\khdp9\.m2\repository\io\opentelemetry\opentelemetry-exporter-logging\1.53.0\opentelemetry-exporter-logging-1.53.0.jar;C:\Users\khdp9\.m2\repository\io\opentelemetry\opentelemetry-sdk-common\1.53.0\opentelemetry-sdk-common-1.53.0.jar;C:\Users\khdp9\.m2\repository\io\opentelemetry\opentelemetry-sdk-extension-autoconfigure-spi\1.53.0\opentelemetry-sdk-extension-autoconfigure-spi-1.53.0.jar;C:\Users\khdp9\.m2\repository\io\opentelemetry\opentelemetry-sdk-extension-autoconfigure\1.53.0\opentelemetry-sdk-extension-autoconfigure-1.53.0.jar;C:\Users\khdp9\.m2\repository\io\opentelemetry\opentelemetry-sdk-trace\1.53.0\opentelemetry-sdk-trace-1.53.0.jar;C:\Users\khdp9\.m2\repository\io\opentelemetry\opentelemetry-sdk\1.53.0\opentelemetry-sdk-1.53.0.jar;C:\Users\khdp9\.m2\repository\io\opentelemetry\opentelemetry-sdk-metrics\1.53.0\opentelemetry-sdk-metrics-1.53.0.jar;C:\Users\khdp9\.m2\repository\io\opentelemetry\opentelemetry-sdk-logs\1.53.0\opentelemetry-sdk-logs-1.53.0.jar;C:\Users\khdp9\.m2\repository\net\bytebuddy\byte-buddy\1.17.6\byte-buddy-1.17.6.jar;C:\Users\khdp9\.m2\repository\org\seleniumhq\selenium\selenium-os\4.35.0\selenium-os-4.35.0.jar;C:\Users\khdp9\.m2\repository\org\apache\commons\commons-exec\1.5.0\commons-exec-1.5.0.jar;C:\Users\khdp9\.m2\repository\org\seleniumhq\selenium\selenium-safari-driver\4.35.0\selenium-safari-driver-4.35.0.jar;C:\Users\khdp9\.m2\repository\org\seleniumhq\selenium\selenium-support\4.35.0\selenium-support-4.35.0.jar;C:\Users\khdp9\.m2\repository\com\mysql\mysql-connector-j\8.0.33\mysql-connector-j-8.0.33.jar;C:\Users\khdp9\.m2\repository\com\google\protobuf\protobuf-java\3.21.9\protobuf-java-3.21.9.jar;C:\Users\khdp9\.m2\repository\org\testng\testng\7.11.0\testng-7.11.0.jar;C:\Users\khdp9\.m2\repository\org\slf4j\slf4j-api\2.0.16\slf4j-api-2.0.16.jar;C:\Users\khdp9\.m2\repository\org\jcommander\jcommander\1.83\jcommander-1.83.jar;C:\Users\khdp9\.m2\repository\org\webjars\jquery\3.7.1\jquery-3.7.1.jar;C:\Users\khdp9\.m2\repository\io\cucumber\cucumber-java\7.27.2\cucumber-java-7.27.2.jar;C:\Users\khdp9\.m2\repository\io\cucumber\cucumber-core\7.27.2\cucumber-core-7.27.2.jar;C:\Users\khdp9\.m2\repository\io\cucumber\cucumber-gherkin\7.27.2\cucumber-gherkin-7.27.2.jar;C:\Users\khdp9\.m2\repository\io\cucumber\cucumber-gherkin-messages\7.27.2\cucumber-gherkin-messages-7.27.2.jar;C:\Users\khdp9\.m2\repository\io\cucumber\gherkin\34.0.0\gherkin-34.0.0.jar;C:\Users\khdp9\.m2\repository\org\assertj\assertj-core\3.27.4\assertj-core-3.27.4.jar;C:\Users\khdp9\.m2\repository\io\cucumber\messages\28.1.0\messages-28.1.0.jar;C:\Users\khdp9\.m2\repository\io\cucumber\pretty-formatter\2.1.0\pretty-formatter-2.1.0.jar;C:\Users\khdp9\.m2\repository\io\cucumber\query\13.6.0\query-13.6.0.jar;C:\Users\khdp9\.m2\repository\io\cucumber\testng-xml-formatter\0.5.0\testng-xml-formatter-0.5.0.jar;C:\Users\khdp9\.m2\repository\io\cucumber\tag-expressions\6.1.2\tag-expressions-6.1.2.jar;C:\Users\khdp9\.m2\repository\io\cucumber\cucumber-expressions\18.0.1\cucumber-expressions-18.0.1.jar;C:\Users\khdp9\.m2\repository\io\cucumber\datatable\7.27.2\datatable-7.27.2.jar;C:\Users\khdp9\.m2\repository\io\cucumber\cucumber-plugin\7.27.2\cucumber-plugin-7.27.2.jar;C:\Users\khdp9\.m2\repository\io\cucumber\docstring\7.27.2\docstring-7.27.2.jar;C:\Users\khdp9\.m2\repository\io\cucumber\html-formatter\21.13.0\html-formatter-21.13.0.jar;C:\Users\khdp9\.m2\repository\io\cucumber\junit-xml-formatter\0.8.1\junit-xml-formatter-0.8.1.jar;C:\Users\khdp9\.m2\repository\io\cucumber\ci-environment\10.0.1\ci-environment-10.0.1.jar;C:\Users\khdp9\.m2\repository\org\apiguardian\apiguardian-api\1.1.2\apiguardian-api-1.1.2.jar;"/>
    <property name="sun.cpu.endian" value="little"/>
    <property name="user.home" value="C:\Users\khdp9"/>
    <property name="user.language" value="en"/>
    <property name="java.specification.vendor" value="Oracle Corporation"/>
    <property name="java.version.date" value="2024-07-16"/>
    <property name="java.home" value="C:\Program Files\Java\jdk-17"/>
    <property name="file.separator" value="\"/>
    <property name="basedir" value="d:\Wipro\Training\CapstoneProject\capstoneproject"/>
    <property name="java.vm.compressedOopsMode" value="32-bit"/>
    <property name="line.separator" value="&#10;"/>
    <property name="java.vm.specification.vendor" value="Oracle Corporation"/>
    <property name="java.specification.name" value="Java Platform API Specification"/>
    <property name="surefire.real.class.path" value="C:\Users\khdp9\AppData\Local\Temp\surefire745764305345286918\surefirebooter-20250902094431785_3.jar"/>
    <property name="user.script" value=""/>
    <property name="sun.management.compiler" value="HotSpot 64-Bit Tiered Compilers"/>
    <property name="java.runtime.version" value="17.0.12+8-LTS-286"/>
    <property name="user.name" value="khdp9"/>
    <property name="path.separator" value=";"/>
    <property name="os.version" value="10.0"/>
    <property name="java.runtime.name" value="Java(TM) SE Runtime Environment"/>
    <property name="file.encoding" value="Cp1252"/>
    <property name="java.vm.name" value="Java HotSpot(TM) 64-Bit Server VM"/>
    <property name="localRepository" value="C:\Users\khdp9\.m2\repository"/>
    <property name="java.vendor.url.bug" value="https://bugreport.java.com/bugreport/"/>
    <property name="java.io.tmpdir" value="C:\Users\khdp9\AppData\Local\Temp\"/>
    <property name="java.version" value="17.0.12"/>
    <property name="user.dir" value="d:\Wipro\Training\CapstoneProject\capstoneproject"/>
    <property name="os.arch" value="amd64"/>
    <property name="java.vm.specification.name" value="Java Virtual Machine Specification"/>
    <property name="sun.os.patch.level" value=""/>
    <property name="native.encoding" value="Cp1252"/>
    <property name="java.library.path" value="C:\Program Files\Java\jdk-17\bin;C:\WINDOWS\Sun\Java\bin;C:\WINDOWS\system32;C:\WINDOWS;C:\Program Files\Common Files\Oracle\Java\javapath;C:\Program Files (x86)\Common Files\Oracle\Java\java8path;C:\Program Files (x86)\Common Files\Oracle\Java\javapath;C:\Windows\system32;C:\Windows;C:\Windows\System32\Wbem;C:\Windows\System32\WindowsPowerShell\v1.0\;C:\Windows\System32\OpenSSH\;C:\Program Files (x86)\NVIDIA Corporation\PhysX\Common;C:\Program Files\NVIDIA Corporation\NVIDIA NvDLISR;C:\WINDOWS\system32;C:\WINDOWS;C:\WINDOWS\System32\Wbem;C:\WINDOWS\System32\WindowsPowerShell\v1.0\;C:\WINDOWS\System32\OpenSSH\;C:\Program Files\nodejs\;C:\Program Files\MySQL\MySQL Server 8.0\bin;C:\MinGW\bin;C:\Program Files\Git\cmd;C:\Program Files\Java\jre1.8.0_421\bin;C:\Program Files\dotnet\;D:\Wipro\Selenium\Selenium\apache-maven-3.9.11-bin\apache-maven-3.9.11\bin;C:\Program Files\Java\jdk-17\bin;C:\Program Files\MySQL\MySQL Shell 8.0\bin\;C:\Users\khdp9\AppData\Local\Programs\Python\Python311\Scripts\;C:\Users\khdp9\AppData\Local\Programs\Python\Python311\;C:\Users\khdp9\AppData\Local\Microsoft\WindowsApps;C:\Users\khdp9\AppData\Local\Programs\Microsoft VS Code\bin;C:\Users\khdp9\AppData\Roaming\npm;;."/>
    <property name="java.vm.info" value="mixed mode, sharing"/>
    <property name="java.vendor" value="Oracle Corporation"/>
    <property name="java.vm.version" value="17.0.12+8-LTS-286"/>
    <property name="sun.io.unicode.encoding" value="UnicodeLittle"/>
    <property name="java.class.version" value="61.0"/>
  </properties>
  <testcase name="login" classname="tests.LoginTest" time="7.179">
    <system-err><![CDATA[SLF4J(W): No SLF4J providers were found.
SLF4J(W): Defaulting to no-operation (NOP) logger implementation
SLF4J(W): See https://www.slf4j.org/codes.html#noProviders for further details.
]]></system-err>
  </testcase>
  <testcase name="logout" classname="tests.LoginTest" time="5.645"/>
</testsuite>