<?xml version="1.0" encoding="UTF-8"?>
<!-- Generated by org.testng.reporters.JUnitReportReporter -->
<testsuite hostname="Kiran_Kumar" failures="0" tests="2" name="tests.LoginTest" time="9.349" errors="0" timestamp="2025-09-01T16:41:16 IST" skipped="0">
  <testcase classname="tests.LoginTest" name="logout" time="5.566"/>
  <testcase classname="tests.LoginTest" name="login" time="3.783"/>
</testsuite> <!-- tests.LoginTest -->
