<?xml version="1.0" encoding="UTF-8"?>
<!-- Generated by org.testng.reporters.JUnitReportReporter -->
<testsuite hostname="Kiran_Kumar" failures="0" tests="11" name="runners.TestRunner" time="86.925" errors="0" timestamp="2025-09-06T15:01:05 IST" skipped="0">
  <testcase classname="runners.TestRunner" name="runScenario" time="7.259"/>
  <testcase classname="runners.TestRunner" name="runScenario" time="6.899"/>
  <testcase classname="runners.TestRunner" name="runScenario" time="7.706"/>
  <testcase classname="runners.TestRunner" name="runScenario" time="7.024"/>
  <testcase classname="runners.TestRunner" name="runScenario" time="7.589"/>
  <testcase classname="runners.TestRunner" name="runScenario" time="10.323"/>
  <testcase classname="runners.TestRunner" name="runScenario" time="6.867"/>
  <testcase classname="runners.TestRunner" name="runScenario" time="7.213"/>
  <testcase classname="runners.TestRunner" name="runScenario" time="7.018"/>
  <testcase classname="runners.TestRunner" name="runScenario" time="9.186"/>
  <testcase classname="runners.TestRunner" name="runScenario" time="9.841"/>
</testsuite> <!-- runners.TestRunner -->
