<?xml version="1.0" encoding="UTF-8"?>
<!-- Generated by org.testng.reporters.JUnitReportReporter -->
<testsuite hostname="Kiran_Kumar" failures="0" tests="1" name="tests.LoginTest" time="10.546" errors="0" timestamp="2025-08-30T17:40:22 IST" skipped="0">
  <testcase classname="tests.LoginTest" name="login" time="10.546"/>
</testsuite> <!-- tests.LoginTest -->
