<?xml version="1.0" encoding="UTF-8"?>
<!-- Generated by org.testng.reporters.JUnitReportReporter -->
<testsuite hostname="Kiran_Kumar" failures="0" tests="2" name="tests.LoginTest" time="12.826" errors="0" timestamp="2025-09-02T09:44:45 IST" skipped="0">
  <testcase classname="tests.LoginTest" name="login" time="7.178"/>
  <testcase classname="tests.LoginTest" name="logout" time="5.648"/>
</testsuite> <!-- tests.LoginTest -->
